<?xml version="1.0" encoding="UTF-8"?>
<testsuite xmlns:xsi="http://www.w3.org/2001/XMLSchema-instance" xsi:schemaLocation="https://maven.apache.org/surefire/maven-surefire-plugin/xsd/surefire-test-report.xsd" name="domainapp.application.integtests.mml.MetaModelService_IntegTest" time="16.776" tests="2" errors="0" skipped="2" failures="0">
  <properties>
[...]
</properties>
  <testcase name="_2_verify" classname="domainapp.application.integtests.mml.MetaModelService_IntegTest" time="0">
    <skipped/>
    <system-out><![CDATA[17:44:38,521  [HeadlessWithBootstrappingAbstract main       INFO ]  isis.integTest.module = 
17:44:40,008  [Reflections          main       INFO ]  Reflections took 820 ms to scan 8 urls, producing 338 keys and 1516 values 
1487  [Reflections               main       INFO ]  Reflections took 820 ms to scan 8 urls, producing 338 keys and 1516 values 
17:44:40,608  [ServicesInstallerFromConfigurationAndAnnotation main       INFO ]  installing org.apache.isis.core.runtime.services.ServicesInstallerFromConfigurationAndAnnotation
2087  [onfigurationAndAnnotation main       INFO ]  installing org.apache.isis.core.runtime.services.ServicesInstallerFromConfigurationAndAnnotation
17:44:41,293  [IsisSessionFactoryBuilder main       INFO ]  initialising Isis System
2772  [IsisSessionFactoryBuilder main       INFO ]  initialising Isis System
17:44:41,294  [IsisSessionFactoryBuilder main       INFO ]  working directory: C:\Users\maxi_\ProyectoFinal\RepoPersonalAro\ARO-proyPrueba\application\.
2773  [IsisSessionFactoryBuilder main       INFO ]  working directory: C:\Users\maxi_\ProyectoFinal\RepoPersonalAro\ARO-proyPrueba\application\.
17:44:41,295  [IsisSessionFactoryBuilder main       INFO ]  resource stream source: null
2774  [IsisSessionFactoryBuilder main       INFO ]  resource stream source: null
17:44:42,394  [SpecificationLoader  Thread-2   INFO ]  Loading all specs (up to state of NOT_INTROSPECTED)
3873  [SpecificationLoader       Thread-2   INFO ]  Loading all specs (up to state of NOT_INTROSPECTED)
17:44:42,448  [PersistenceSessionFactory Thread-3   INFO ]  did *not* find config properties to use JNDI datasource; will use JDBC
3927  [PersistenceSessionFactory Thread-3   INFO ]  did *not* find config properties to use JNDI datasource; will use JDBC
17:44:42,896  [SpecificationLoader  Thread-2   INFO ]  Introspecting all specs up to TYPE_INTROSPECTED
4375  [SpecificationLoader       Thread-2   INFO ]  Introspecting all specs up to TYPE_INTROSPECTED
17:44:46,686  [ThreadPoolSupport    Thread-2   INFO ]  join'ing 135 tasks: waited 0 milliseconds 
8165  [ThreadPoolSupport         Thread-2   INFO ]  join'ing 135 tasks: waited 0 milliseconds 
17:44:46,687  [SpecificationLoader  Thread-2   INFO ]  Introspecting domainService specs up to TYPE_AND_MEMBERS_INTROSPECTED
8166  [SpecificationLoader       Thread-2   INFO ]  Introspecting domainService specs up to TYPE_AND_MEMBERS_INTROSPECTED
17:44:48,199  [ThreadPoolSupport    Thread-2   INFO ]  join'ing 86 tasks: waited 0 milliseconds 
9678  [ThreadPoolSupport         Thread-2   INFO ]  join'ing 86 tasks: waited 0 milliseconds 
17:44:48,200  [SpecificationLoader  Thread-2   INFO ]  Introspecting mixin specs up to TYPE_AND_MEMBERS_INTROSPECTED
9679  [SpecificationLoader       Thread-2   INFO ]  Introspecting mixin specs up to TYPE_AND_MEMBERS_INTROSPECTED
17:44:48,417  [ThreadPoolSupport    Thread-2   INFO ]  join'ing 11 tasks: waited 0 milliseconds 
9896  [ThreadPoolSupport         Thread-2   INFO ]  join'ing 11 tasks: waited 0 milliseconds 
17:44:48,418  [SpecificationLoader  Thread-2   INFO ]  Introspecting all cached specs up to TYPE_AND_MEMBERS_INTROSPECTED
9897  [SpecificationLoader       Thread-2   INFO ]  Introspecting all cached specs up to TYPE_AND_MEMBERS_INTROSPECTED
17:44:48,980  [Schema               Thread-3   DEBUG]  La columna ""DELETEME1592081088790"."UNUSED"" añadió a la representación de la table.
17:44:48,980  [Schema               Thread-3   DEBUG]  Crear la tabla "DELETEME1592081088790"
17:44:48,996  [Schema               Thread-3   DEBUG]  CREATE TABLE "DELETEME1592081088790"
(
    "UNUSED" INTEGER NOT NULL
)
17:44:49,163  [Schema               Thread-3   DEBUG]  Tiempo de cumplir = 0 ms
17:44:49,200  [Schema               Thread-3   DEBUG]  Borrar la tabla "DELETEME1592081088790"
17:44:49,201  [Schema               Thread-3   DEBUG]  DROP TABLE "DELETEME1592081088790"
17:44:49,203  [Schema               Thread-3   DEBUG]  Tiempo de cumplir = 2 ms
17:44:49,974  [ThreadPoolSupport    Thread-2   INFO ]  join'ing 165 tasks: waited 0 milliseconds 
11453 [ThreadPoolSupport         Thread-2   INFO ]  join'ing 165 tasks: waited 0 milliseconds 
17:44:49,975  [SpecificationLoader  Thread-2   INFO ]  init() - done
11454 [SpecificationLoader       Thread-2   INFO ]  init() - done
17:44:50,174  [Schema               Thread-3   DEBUG]  La columna ""DELETEME1592081090174"."UNUSED"" añadió a la representación de la table.
17:44:50,174  [Schema               Thread-3   DEBUG]  Crear la tabla "DELETEME1592081090174"
17:44:50,175  [Schema               Thread-3   DEBUG]  CREATE TABLE "DELETEME1592081090174"
(
    "UNUSED" INTEGER NOT NULL
)
17:44:50,180  [Schema               Thread-3   DEBUG]  Tiempo de cumplir = 5 ms
17:44:50,193  [Schema               Thread-3   DEBUG]  Borrar la tabla "DELETEME1592081090174"
17:44:50,194  [Schema               Thread-3   DEBUG]  DROP TABLE "DELETEME1592081090174"
17:44:50,195  [Schema               Thread-3   DEBUG]  Tiempo de cumplir = 1 ms
17:44:50,517  [Schema               Thread-3   DEBUG]  La columna ""simple"."SimpleObject"."id"" añadió a la representación de la table.
17:44:50,523  [Schema               Thread-3   DEBUG]  Campo [DATASTORE_ID] -> Columnas ["simple"."SimpleObject"."id"] usando mapping del tipo "org.datanucleus.store.rdbms.mapping.java.DatastoreIdMapping" (org.datanucleus.store.rdbms.mapping.datastore.BigIntRDBMSMapping)
17:44:50,529  [Schema               Thread-3   DEBUG]  La tabla "simple"."SimpleObject" va a manejar la persistencia de los campos de la clase domainapp.modules.simple.dom.impl.SimpleObject (estrategia de heredar="new-table")
17:44:50,530  [Schema               Thread-3   DEBUG]  La columna ""simple"."SimpleObject"."name"" añadió a la representación de la table.
17:44:50,535  [Schema               Thread-3   DEBUG]  Campo [domainapp.modules.simple.dom.impl.SimpleObject.name] -> Columnas ["simple"."SimpleObject"."name"] usando mapping del tipo "org.datanucleus.store.rdbms.mapping.java.StringMapping" (org.datanucleus.store.rdbms.mapping.datastore.VarCharRDBMSMapping)
17:44:50,538  [Schema               Thread-3   DEBUG]  La columna ""simple"."SimpleObject"."notes"" añadió a la representación de la table.
17:44:50,539  [Schema               Thread-3   DEBUG]  Campo [domainapp.modules.simple.dom.impl.SimpleObject.notes] -> Columnas ["simple"."SimpleObject"."notes"] usando mapping del tipo "org.datanucleus.store.rdbms.mapping.java.StringMapping" (org.datanucleus.store.rdbms.mapping.datastore.VarCharRDBMSMapping)
17:44:50,540  [Schema               Thread-3   DEBUG]  La columna ""simple"."SimpleObject"."version"" añadió a la representación de la table.
17:44:50,541  [Schema               Thread-3   DEBUG]  Campo [VERSION] -> Columnas ["simple"."SimpleObject"."version"] usando mapping del tipo "org.datanucleus.store.rdbms.mapping.java.VersionTimestampMapping" (org.datanucleus.store.rdbms.mapping.datastore.TimestampRDBMSMapping)
17:44:50,542  [Schema               Thread-3   DEBUG]  Table/View "simple"."SimpleObject" ha sido inicializado
17:44:50,546  [Schema               Thread-3   DEBUG]  Empezando transaccion del esquema con conneccion "org.datanucleus.store.rdbms.datasource.dbcp.PoolingDataSource$PoolGuardConnectionWrapper@6089edd9" y isolacion "serializable"
17:44:50,562  [Schema               Thread-3   DEBUG]  Check of existence of "simple"."SimpleObject" returned no table
17:44:50,562  [Schema               Thread-3   DEBUG]  Crear la tabla "simple"."SimpleObject"
17:44:50,563  [Schema               Thread-3   DEBUG]  CREATE TABLE "simple"."SimpleObject"
(
    "id" BIGINT GENERATED BY DEFAULT AS IDENTITY,
    "name" VARCHAR(40) NOT NULL,
    "notes" VARCHAR(4000) NULL,
    "version" TIMESTAMP NOT NULL,
    CONSTRAINT "SimpleObject_PK" PRIMARY KEY ("id")
)
17:44:50,567  [Schema               Thread-3   DEBUG]  Tiempo de cumplir = 4 ms
17:44:50,581  [Schema               Thread-3   DEBUG]  Crear la llave unica "SimpleObject_name_UNQ" en catalogo "" equema ""simple""
17:44:50,581  [Schema               Thread-3   DEBUG]  ALTER TABLE "simple"."SimpleObject" ADD CONSTRAINT "SimpleObject_name_UNQ" UNIQUE ("name")
17:44:50,586  [Schema               Thread-3   DEBUG]  Tiempo de cumplir = 5 ms
17:44:50,587  [Schema               Thread-3   DEBUG]  Committing transaccion del esquema "org.datanucleus.store.rdbms.datasource.dbcp.PoolingDataSource$PoolGuardConnectionWrapper@6089edd9"
17:44:50,588  [Schema               Thread-3   DEBUG]  Cerrando la conneccion de la transaccion del esquema "org.datanucleus.store.rdbms.datasource.dbcp.PoolingDataSource$PoolGuardConnectionWrapper@6089edd9"
17:44:50,589  [ThreadPoolSupport    main       INFO ]  join'ing 5 tasks: waited 0 milliseconds 
12068 [ThreadPoolSupport         main       INFO ]  join'ing 5 tasks: waited 0 milliseconds 
17:44:50,895  [ServiceInitializer   main       INFO ]  calling @PostConstruct on all domain services
12374 [ServiceInitializer        main       INFO ]  calling @PostConstruct on all domain services
17:44:51,505  [EmailServiceDefault  main       WARN ]  NOT configured
12984 [EmailServiceDefault       main       WARN ]  NOT configured
17:44:52,164  [IsisSystemBootstrapper main       INFO ]  ##########################################################################
13643 [IsisSystemBootstrapper    main       INFO ]  ##########################################################################
17:44:52,223  [IsisSystemBootstrapper main       INFO ]  # Bootstrapped in 13564 millis
13702 [IsisSystemBootstrapper    main       INFO ]  # Bootstrapped in 13564 millis
17:44:52,224  [IsisSystemBootstrapper main       INFO ]  ##########################################################################
13703 [IsisSystemBootstrapper    main       INFO ]  ##########################################################################
                                                            : EXEC org.apache.isis.applib.AppManifestAbstract2$1
17:44:52,301  [HeadlessWithBootstrappingAbstract main       INFO ]  ### TEST: domainapp.application.integtests.mml.MetaModelService_IntegTest
13780 [WithBootstrappingAbstract main       INFO ]  ### TEST: domainapp.application.integtests.mml.MetaModelService_IntegTest
                                                            : EXEC org.apache.isis.applib.AppManifestAbstract2$2
/                                                           : EXEC domainapp.modules.simple.SimpleModule$1
]]></system-out>
  </testcase>
  <testcase name="_1_learn" classname="domainapp.application.integtests.mml.MetaModelService_IntegTest" time="0">
    <skipped/>
    <system-out><![CDATA[17:44:52,452  [HeadlessWithBootstrappingAbstract main       INFO ]  isis.integTest.module = 
13931 [WithBootstrappingAbstract main       INFO ]  isis.integTest.module = 
                                                            : EXEC org.apache.isis.applib.AppManifestAbstract2$1
17:44:52,458  [HeadlessWithBootstrappingAbstract main       INFO ]  ### TEST: domainapp.application.integtests.mml.MetaModelService_IntegTest
13937 [WithBootstrappingAbstract main       INFO ]  ### TEST: domainapp.application.integtests.mml.MetaModelService_IntegTest
                                                            : EXEC org.apache.isis.applib.AppManifestAbstract2$2
/                                                           : EXEC domainapp.modules.simple.SimpleModule$1
]]></system-out>
  </testcase>
</testsuite>